TN:
SF:src/App.tsx
FN:10,App
FN:13,handleSave
FNF:2
FNH:1
FNDA:1,App
FNDA:0,handleSave
DA:1,1
DA:2,1
DA:3,1
DA:10,1
DA:11,1
DA:13,1
DA:14,0
DA:15,0
DA:17,1
DA:18,1
DA:19,1
DA:20,1
DA:21,1
DA:22,1
DA:23,1
DA:25,1
DA:27,1
LF:17
LH:15
BRDA:10,0,0,1
BRF:1
BRH:1
end_of_record
TN:
SF:src/main.tsx
FN:1,(empty-report)
FNF:1
FNH:0
FNDA:0,(empty-report)
DA:1,0
DA:2,0
DA:3,0
DA:4,0
DA:6,0
DA:7,0
DA:8,0
DA:9,0
DA:10,0
LF:9
LH:0
BRDA:1,0,0,0
BRF:1
BRH:0
end_of_record
TN:
SF:src/components/NoteForm.tsx
FN:12,NoteForm
FN:16,handleSubmit
FN:26,onChange
FN:29,onChange
FNF:4
FNH:4
FNDA:26,NoteForm
FNDA:1,handleSubmit
FNDA:10,onChange
FNDA:12,onChange
DA:1,1
DA:12,26
DA:13,26
DA:14,26
DA:16,26
DA:17,1
DA:18,1
DA:19,1
DA:20,1
DA:21,1
DA:23,26
DA:24,26
DA:25,26
DA:26,26
DA:28,26
DA:29,26
DA:31,26
DA:32,26
DA:34,26
LF:19
LH:19
BRDA:12,0,0,26
BRDA:16,1,0,1
BRDA:26,2,0,10
BRDA:29,3,0,12
BRF:4
BRH:4
end_of_record
TN:
SF:src/components/NotesList.tsx
FN:10,NotesList
FNF:1
FNH:1
FNDA:2,NotesList
DA:8,1
DA:10,2
DA:11,2
DA:12,2
DA:13,2
DA:14,2
DA:15,2
DA:16,2
DA:17,2
DA:18,2
DA:19,2
DA:20,2
DA:22,2
LF:13
LH:13
BRDA:10,0,0,2
BRDA:19,1,0,1
BRDA:13,2,0,2
BRF:3
BRH:3
end_of_record
TN:
SF:src/test/setup.ts
FN:1,(empty-report)
FNF:1
FNH:0
FNDA:0,(empty-report)
DA:1,0
LF:1
LH:0
BRDA:1,0,0,0
BRF:1
BRH:0
end_of_record
